\n>>MIGRAD
RunFitter running on
[-d] data path/file = ./extractedSV0.root
[-o] output file name =
migrad.muid.root
[-c] config file name =
/home/psteinb/development/ZbFitter/functions/SimpleMaxLLH.env
[-m] message level = 3
[-t] N(threads) = 1
[-t] fitEngine = Minuit2
[-t] fitMode = Migrad
[-D] dataTitle = data_muid
[-D] tempTitle = z_muid_trueB,z_muid_trueC,z_muid_trueL
TH1Bundle::loadTemplatesFromOneFile	loaded z_muid_trueB from ./extractedSV0.root
TH1Bundle::loadTemplatesFromOneFile	loaded z_muid_trueC from ./extractedSV0.root
TH1Bundle::loadTemplatesFromOneFile	loaded z_muid_trueL from ./extractedSV0.root
Parameters

Minuit2Minimizer: Minimize with max iterations 1000000 edmval 0.01 strategy 1
Number of iterations 12
----------> Iteration 0
            FVAL = -86.7394410414 Edm = 160.440927457 Nfcn = 13
            Error matrix change = 1
            Parameters :  p0 = 0.01 p1 = 0.01 p2 = 0.01
----------> Iteration 1
            FVAL = -244.064314824 Edm = 11.326862887 Nfcn = 26
            Error matrix change = 0.567018
            Parameters :  p0 = 0.0236907 p1 = 0.0457856 p2 = 0.0642878
----------> Iteration 2
            FVAL = -390.969471746 Edm = 0.00169391582712 Nfcn = 46
            Error matrix change = 0.736922
            Parameters :  p0 = 0.128866 p1 = 0.302417 p2 = 0.42716
----------> Iteration 3
            FVAL = -391.177343311 Edm = 7.4479954157e-05 Nfcn = 55
            Error matrix change = 0.786395
            Parameters :  p0 = 0.135662 p1 = 0.319249 p2 = 0.450486
----------> Iteration 4
            FVAL = -391.177617407 Edm = 0.000106013110327 Nfcn = 63
            Error matrix change = 0.441185
            Parameters :  p0 = 0.135909 p1 = 0.319936 p2 = 0.451307
----------> Iteration 5
            FVAL = -391.347562682 Edm = 0.00101553727227 Nfcn = 76
            Error matrix change = 0.714841
            Parameters :  p0 = 0.127458 p1 = 0.370694 p2 = 0.396809
----------> Iteration 6
            FVAL = -391.44423824 Edm = 0.000446117421187 Nfcn = 83
            Error matrix change = 0.374075
            Parameters :  p0 = 0.113351 p1 = 0.445281 p2 = 0.309411
----------> Iteration 7
            FVAL = -391.444659724 Edm = 1.4328527796e-05 Nfcn = 90
            Error matrix change = 0.213557
            Parameters :  p0 = 0.114057 p1 = 0.443384 p2 = 0.313086
----------> Iteration 8
            FVAL = -391.444913045 Edm = 0.000226443888832 Nfcn = 100
            Error matrix change = 0.16363
            Parameters :  p0 = 0.113866 p1 = 0.446418 p2 = 0.310418
----------> Iteration 9
            FVAL = -391.460344705 Edm = 0.000178446405861 Nfcn = 111
            Error matrix change = 0.23582
            Parameters :  p0 = 0.116654 p1 = 0.451479 p2 = 0.271504
----------> Iteration 10
            FVAL = -391.46052676 Edm = 2.95323655724e-07 Nfcn = 118
            Error matrix change = 0.123113
            Parameters :  p0 = 0.11721 p1 = 0.449308 p2 = 0.274571
----------> Iteration 11
            FVAL = -391.46052676 Edm = 3.02260349904e-07 Nfcn = 138
            Error matrix change = 0
            Parameters :  p0 = 0.11721 p1 = 0.449308 p2 = 0.274571
Minuit2Minimizer : Valid minimum - status = 0
FVAL  = -391.460526759983168
Edm   = 3.02260349903975164e-07
Nfcn  = 138
fb	  = 0.11721	 +/-  0.0511626
fc	  = 0.449308	 +/-  0.247434
fl	  = 0.274571	 +/-  0.399531
Minos: Lower error for parameter 0  :  -0.0463848
Minos: Upper error for parameter 0  :  0.0563997
Minos: Lower error for parameter 1  :  -0.246293
Minos: Upper error for parameter 1  :  0.253599
Minos: Lower error for parameter 2  :  -0.387502
Minos: Upper error for parameter 2  :  0.41891
Info in <TCanvas::Print>: eps file ./fitResult.eps has been created
FitCore::fit 	  CpuTime = 	         0
FitCore::fit 	  RealTime = 	  0.002632
Minos: Lower error for parameter 0  :  -0.04638
Minos: Upper error for parameter 0  :  0.0564
Minos: Lower error for parameter 1  :  -0.2463
Minos: Upper error for parameter 1  :  0.2536
Minos: Lower error for parameter 2  :  -0.3875
Minos: Upper error for parameter 2  :  0.4189
fb:	28.6	+/-	12.48
fc:	34.6	+/-	19.05
fl:	8.237	+/-	11.99
b:	(up) 0.0564	(down) -0.04638
c:	(up) 0.2536	(down) -0.2463
l:	(up) 0.4189	(down) -0.3875
\n>>MINOS
RunFitter running on
[-d] data path/file = ./extractedSV0.root
[-o] output file name =
minos.muid.root
[-c] config file name =
/home/psteinb/development/ZbFitter/functions/SimpleMaxLLH.env
[-m] message level = 3
[-t] N(threads) = 1
[-t] fitEngine = Minuit2
[-t] fitMode = Migrad
[-D] dataTitle = data_muid
[-D] tempTitle = z_muid_trueB,z_muid_trueC,z_muid_trueL
TH1Bundle::loadTemplatesFromOneFile	loaded z_muid_trueB from ./extractedSV0.root
TH1Bundle::loadTemplatesFromOneFile	loaded z_muid_trueC from ./extractedSV0.root
TH1Bundle::loadTemplatesFromOneFile	loaded z_muid_trueL from ./extractedSV0.root
Parameters

Minuit2Minimizer: Minimize with max iterations 1000000 edmval 0.01 strategy 1
Number of iterations 12
----------> Iteration 0
            FVAL = -86.7394410414 Edm = 160.440927457 Nfcn = 13
            Error matrix change = 1
            Parameters :  p0 = 0.01 p1 = 0.01 p2 = 0.01
----------> Iteration 1
            FVAL = -244.064314824 Edm = 11.326862887 Nfcn = 26
            Error matrix change = 0.567018
            Parameters :  p0 = 0.0236907 p1 = 0.0457856 p2 = 0.0642878
----------> Iteration 2
            FVAL = -390.969471746 Edm = 0.00169391582712 Nfcn = 46
            Error matrix change = 0.736922
            Parameters :  p0 = 0.128866 p1 = 0.302417 p2 = 0.42716
----------> Iteration 3
            FVAL = -391.177343311 Edm = 7.4479954157e-05 Nfcn = 55
            Error matrix change = 0.786395
            Parameters :  p0 = 0.135662 p1 = 0.319249 p2 = 0.450486
----------> Iteration 4
            FVAL = -391.177617407 Edm = 0.000106013110327 Nfcn = 63
            Error matrix change = 0.441185
            Parameters :  p0 = 0.135909 p1 = 0.319936 p2 = 0.451307
----------> Iteration 5
            FVAL = -391.347562682 Edm = 0.00101553727227 Nfcn = 76
            Error matrix change = 0.714841
            Parameters :  p0 = 0.127458 p1 = 0.370694 p2 = 0.396809
----------> Iteration 6
            FVAL = -391.44423824 Edm = 0.000446117421187 Nfcn = 83
            Error matrix change = 0.374075
            Parameters :  p0 = 0.113351 p1 = 0.445281 p2 = 0.309411
----------> Iteration 7
            FVAL = -391.444659724 Edm = 1.4328527796e-05 Nfcn = 90
            Error matrix change = 0.213557
            Parameters :  p0 = 0.114057 p1 = 0.443384 p2 = 0.313086
----------> Iteration 8
            FVAL = -391.444913045 Edm = 0.000226443888832 Nfcn = 100
            Error matrix change = 0.16363
            Parameters :  p0 = 0.113866 p1 = 0.446418 p2 = 0.310418
----------> Iteration 9
            FVAL = -391.460344705 Edm = 0.000178446405861 Nfcn = 111
            Error matrix change = 0.23582
            Parameters :  p0 = 0.116654 p1 = 0.451479 p2 = 0.271504
----------> Iteration 10
            FVAL = -391.46052676 Edm = 2.95323655724e-07 Nfcn = 118
            Error matrix change = 0.123113
            Parameters :  p0 = 0.11721 p1 = 0.449308 p2 = 0.274571
----------> Iteration 11
            FVAL = -391.46052676 Edm = 3.02260349904e-07 Nfcn = 138
            Error matrix change = 0
            Parameters :  p0 = 0.11721 p1 = 0.449308 p2 = 0.274571
Minuit2Minimizer : Valid minimum - status = 0
FVAL  = -391.460526759983168
Edm   = 3.02260349903975164e-07
Nfcn  = 138
fb	  = 0.11721	 +/-  0.0511626
fc	  = 0.449308	 +/-  0.247434
fl	  = 0.274571	 +/-  0.399531
Minos: Lower error for parameter 0  :  -0.0463848
Minos: Upper error for parameter 0  :  0.0563997
Minos: Lower error for parameter 1  :  -0.246293
Minos: Upper error for parameter 1  :  0.253599
Minos: Lower error for parameter 2  :  -0.387502
Minos: Upper error for parameter 2  :  0.41891
Info in <TCanvas::Print>: eps file ./fitResult.eps has been created
FitCore::fit 	  CpuTime = 	         0
FitCore::fit 	  RealTime = 	  0.002715
Minos: Lower error for parameter 0  :  -0.04638
Minos: Upper error for parameter 0  :  0.0564
Minos: Lower error for parameter 1  :  -0.2463
Minos: Upper error for parameter 1  :  0.2536
Minos: Lower error for parameter 2  :  -0.3875
Minos: Upper error for parameter 2  :  0.4189
fb:	28.6	+/-	12.48
fc:	34.6	+/-	19.05
fl:	8.237	+/-	11.99
b:	(up) 0.0564	(down) -0.04638
c:	(up) 0.2536	(down) -0.2463
l:	(up) 0.4189	(down) -0.3875
\n>>MINOS w/o background
RunFitter running on
[-d] data path/file = ./extractedSV0.root
[-o] output file name =
minos.muidttbar.root
[-c] config file name =
/home/psteinb/development/ZbFitter/functions/SimpleMaxLLH.env
[-m] message level = 3
[-t] N(threads) = 1
[-t] fitEngine = Minuit2
[-t] fitMode = Migrad
[-D] dataTitle = data_muid_minusttbar
[-D] tempTitle = z_muid_trueB,z_muid_trueC,z_muid_trueL
Warning in <TH1D::Sumw2>: Sum of squares of weights structure already created
TH1Bundle::loadTemplatesFromOneFile	loaded z_muid_trueB from ./extractedSV0.root
TH1Bundle::loadTemplatesFromOneFile	loaded z_muid_trueC from ./extractedSV0.root
TH1Bundle::loadTemplatesFromOneFile	loaded z_muid_trueL from ./extractedSV0.root
Parameters

Minuit2Minimizer: Minimize with max iterations 1000000 edmval 0.01 strategy 1
Number of iterations 11
----------> Iteration 0
            FVAL = -80.4717526362 Edm = 148.357484 Nfcn = 13
            Error matrix change = 1
            Parameters :  p0 = 0.01 p1 = 0.01 p2 = 0.01
----------> Iteration 1
            FVAL = -225.470816115 Edm = 10.2766947552 Nfcn = 26
            Error matrix change = 0.566966
            Parameters :  p0 = 0.0237058 p1 = 0.0455664 p2 = 0.0635388
----------> Iteration 2
            FVAL = -353.989650221 Edm = 0.00123781485699 Nfcn = 46
            Error matrix change = 0.734554
            Parameters :  p0 = 0.121438 p1 = 0.283679 p2 = 0.397817
----------> Iteration 3
            FVAL = -354.114220454 Edm = 0.000147992543801 Nfcn = 55
            Error matrix change = 0.780366
            Parameters :  p0 = 0.126506 p1 = 0.296481 p2 = 0.415423
----------> Iteration 4
            FVAL = -354.11531931 Edm = 0.000867391607198 Nfcn = 64
            Error matrix change = 0.482975
            Parameters :  p0 = 0.126906 p1 = 0.297989 p2 = 0.417125
----------> Iteration 5
            FVAL = -354.379020755 Edm = 0.000172846996396 Nfcn = 77
            Error matrix change = 0.648867
            Parameters :  p0 = 0.101239 p1 = 0.373765 p2 = 0.416443
----------> Iteration 6
            FVAL = -354.379307246 Edm = 7.1002339525e-05 Nfcn = 85
            Error matrix change = 0.386359
            Parameters :  p0 = 0.101897 p1 = 0.372838 p2 = 0.417014
----------> Iteration 7
            FVAL = -354.382052887 Edm = 0.00264727987924 Nfcn = 96
            Error matrix change = 0.398394
            Parameters :  p0 = 0.100493 p1 = 0.381237 p2 = 0.415974
----------> Iteration 8
            FVAL = -354.514452012 Edm = 0.000299038284311 Nfcn = 107
            Error matrix change = 0.613241
            Parameters :  p0 = 0.0998594 p1 = 0.438166 p2 = 0.270534
----------> Iteration 9
            FVAL = -354.514766192 Edm = 9.27773237501e-07 Nfcn = 114
            Error matrix change = 0.320051
            Parameters :  p0 = 0.099164 p1 = 0.440324 p2 = 0.271882
----------> Iteration 10
            FVAL = -354.514766192 Edm = 8.76972660263e-07 Nfcn = 134
            Error matrix change = 0
            Parameters :  p0 = 0.099164 p1 = 0.440324 p2 = 0.271882
Minuit2Minimizer : Valid minimum - status = 0
FVAL  = -354.514766192468983
Edm   = 8.76972660262739944e-07
Nfcn  = 134
fb	  = 0.099164	 +/-  0.0477911
fc	  = 0.440324	 +/-  0.237214
fl	  = 0.271882	 +/-  0.389807
Minos: Lower error for parameter 0  :  -0.0429173
Minos: Upper error for parameter 0  :  0.0530614
Minos: Lower error for parameter 1  :  -0.235637
Minos: Upper error for parameter 1  :  0.243467
Minos: Lower error for parameter 2  :  -0.377886
Minos: Upper error for parameter 2  :  0.408567
Info in <TCanvas::Print>: eps file ./fitResult.eps has been created
FitCore::fit 	  CpuTime = 	         0
FitCore::fit 	  RealTime = 	  0.002541
Minos: Lower error for parameter 0  :  -0.04292
Minos: Upper error for parameter 0  :  0.05306
Minos: Lower error for parameter 1  :  -0.2356
Minos: Upper error for parameter 1  :  0.2435
Minos: Lower error for parameter 2  :  -0.3779
Minos: Upper error for parameter 2  :  0.4086
fb:	24.2	+/-	11.66
fc:	33.9	+/-	18.27
fl:	8.156	+/-	11.69
b:	(up) 0.05306	(down) -0.04292
c:	(up) 0.2435	(down) -0.2356
l:	(up) 0.4086	(down) -0.3779
