RunFitter running on
[-d] data path/file = MuidUnweighted_Btimes0.8.root
[-o] output file name =
none given
[-c] config file name =
../functions/SimpleMaxLLH.env
[-m] message level = 3
[-t] N(threads) = 1
[-t] fitEngine = Minuit2
[-t] fitMode = Migrad
Warning in <TH1D::Sumw2>: Sum of squares of weights structure already created
Warning in <TH1D::Sumw2>: Sum of squares of weights structure already created
TH1Bundle::loadTemplatesFromOneFile	loaded mcb from MuidUnweighted_Btimes0.8.root
Warning in <TH1D::Sumw2>: Sum of squares of weights structure already created
TH1Bundle::loadTemplatesFromOneFile	loaded mcc from MuidUnweighted_Btimes0.8.root
Warning in <TH1D::Sumw2>: Sum of squares of weights structure already created
TH1Bundle::loadTemplatesFromOneFile	loaded mcl from MuidUnweighted_Btimes0.8.root
Parameters

data
73.3164, 161.104, 81.9313, 32.4519, 6.28353, 1.54705, 0, 0, 0, 0, 
templates
0	21.7971, 81.6763, 61.9402, 24.9814, 5.02682, 1.23764, 0, 0, 0, 0, 
0	17.4377, 65.341, 49.5522, 19.9851, 4.02146, 0.990113, 0, 0, 0, 0, 
1	23.3763, 50.5905, 3.558, 1.22509, 0, 0, 0, 0, 0, 0, 
1	23.3763, 50.5905, 3.558, 1.22509, 0, 0, 0, 0, 0, 0, 
2	22.6937, 8.41819, 0.948005, 0, 0, 0, 0, 0, 0, 0, 
2	22.6937, 8.41819, 0.948005, 0, 0, 0, 0, 0, 0, 0, 
Minuit2Minimizer : Valid minimum - status = 0
FVAL  = -3002.3129773159917
Edm   = 1.9166723446627559e-08
Nfcn  = 141
fb	  = 1.25002	 +/-  0.169641
fc	  = 0.999972	 +/-  0.560259
fl	  = 0.999986	 +/-  0.793321
FitCore::fit 	  CpuTime = 	      0.01
FitCore::fit 	  RealTime = 	  0.002157
