RunFitter running on
[-d] data path/file = StacoUnweighted_Btimes0.2.root
[-o] output file name =
none given
[-c] config file name =
../functions/SimpleMaxLLH.env
[-m] message level = 3
[-t] N(threads) = 1
[-t] fitEngine = Minuit2
[-t] fitMode = Migrad
Warning in <TH1D::Sumw2>: Sum of squares of weights structure already created
Warning in <TH1D::Sumw2>: Sum of squares of weights structure already created
TH1Bundle::loadTemplatesFromOneFile	loaded mcb from StacoUnweighted_Btimes0.2.root
Warning in <TH1D::Sumw2>: Sum of squares of weights structure already created
TH1Bundle::loadTemplatesFromOneFile	loaded mcc from StacoUnweighted_Btimes0.2.root
Warning in <TH1D::Sumw2>: Sum of squares of weights structure already created
TH1Bundle::loadTemplatesFromOneFile	loaded mcl from StacoUnweighted_Btimes0.2.root
Parameters

data
70.8681, 154.548, 76.8553, 30.724, 6.00398, 1.54705, 0, 0, 0, 0, 
templates
0	5.31536, 19.7678, 14.4829, 5.89978, 1.2008, 0.30941, 0, 0, 0, 0, 
0	1.06307, 3.95356, 2.89659, 1.17996, 0.240159, 0.0618821, 0, 0, 0, 0, 
1	22.4648, 47.8319, 3.49257, 1.22509, 0, 0, 0, 0, 0, 0, 
1	22.4648, 47.8319, 3.49257, 1.22509, 0, 0, 0, 0, 0, 0, 
2	21.8265, 7.87758, 0.948005, 0, 0, 0, 0, 0, 0, 0, 
2	21.8265, 7.87758, 0.948005, 0, 0, 0, 0, 0, 0, 0, 
Minuit2Minimizer : Valid minimum - status = 0
FVAL  = -2835.80858012300632
Edm   = 3.95748944022491386e-09
Nfcn  = 161
fb	  = 4.99999	 +/-  0.706898
fc	  = 0.99998	 +/-  0.585828
fl	  = 1.00003	 +/-  0.814429
FitCore::fit 	  CpuTime = 	         0
FitCore::fit 	  RealTime = 	  0.002309
