RunFitter running on
[-d] data path/file = StacoUnweighted_Btimes1.0.root
[-o] output file name =
none given
[-c] config file name =
../functions/SimpleMaxLLH.env
[-m] message level = 3
[-t] N(threads) = 1
[-t] fitEngine = Minuit2
[-t] fitMode = Migrad
Warning in <TH1D::Sumw2>: Sum of squares of weights structure already created
Warning in <TH1D::Sumw2>: Sum of squares of weights structure already created
TH1Bundle::loadTemplatesFromOneFile	loaded mcb from StacoUnweighted_Btimes1.0.root
Warning in <TH1D::Sumw2>: Sum of squares of weights structure already created
TH1Bundle::loadTemplatesFromOneFile	loaded mcc from StacoUnweighted_Btimes1.0.root
Warning in <TH1D::Sumw2>: Sum of squares of weights structure already created
TH1Bundle::loadTemplatesFromOneFile	loaded mcl from StacoUnweighted_Btimes1.0.root
Parameters

data
70.8681, 154.548, 76.8553, 30.724, 6.00398, 1.54705, 0, 0, 0, 0, 
templates
0	26.5768, 98.8389, 72.4147, 29.4989, 6.00398, 1.54705, 0, 0, 0, 0, 
0	26.5768, 98.8389, 72.4147, 29.4989, 6.00398, 1.54705, 0, 0, 0, 0, 
1	22.4648, 47.8319, 3.49257, 1.22509, 0, 0, 0, 0, 0, 0, 
1	22.4648, 47.8319, 3.49257, 1.22509, 0, 0, 0, 0, 0, 0, 
2	21.8265, 7.87758, 0.948005, 0, 0, 0, 0, 0, 0, 0, 
2	21.8265, 7.87758, 0.948005, 0, 0, 0, 0, 0, 0, 0, 
Minuit2Minimizer : Valid minimum - status = 0
FVAL  = -2835.80858012599629
Edm   = 9.75055067549191129e-10
Nfcn  = 138
fb	  = 1	 +/-  0.14138
fc	  = 0.999988	 +/-  0.585831
fl	  = 1.00002	 +/-  0.814432
FitCore::fit 	  CpuTime = 	         0
FitCore::fit 	  RealTime = 	   0.00214
