RunFitter running on
[-d] data path/file = StacoUnweighted_Btimes0.8.root
[-o] output file name =
none given
[-c] config file name =
../functions/SimpleMaxLLH.env
[-m] message level = 3
[-t] N(threads) = 1
[-t] fitEngine = Minuit2
[-t] fitMode = Migrad
Warning in <TH1D::Sumw2>: Sum of squares of weights structure already created
Warning in <TH1D::Sumw2>: Sum of squares of weights structure already created
TH1Bundle::loadTemplatesFromOneFile	loaded mcb from StacoUnweighted_Btimes0.8.root
Warning in <TH1D::Sumw2>: Sum of squares of weights structure already created
TH1Bundle::loadTemplatesFromOneFile	loaded mcc from StacoUnweighted_Btimes0.8.root
Warning in <TH1D::Sumw2>: Sum of squares of weights structure already created
TH1Bundle::loadTemplatesFromOneFile	loaded mcl from StacoUnweighted_Btimes0.8.root
Parameters

data
70.8681, 154.548, 76.8553, 30.724, 6.00398, 1.54705, 0, 0, 0, 0, 
templates
0	21.2614, 79.0711, 57.9318, 23.5991, 4.80319, 1.23764, 0, 0, 0, 0, 
0	17.0092, 63.2569, 46.3454, 18.8793, 3.84255, 0.990113, 0, 0, 0, 0, 
1	22.4648, 47.8319, 3.49257, 1.22509, 0, 0, 0, 0, 0, 0, 
1	22.4648, 47.8319, 3.49257, 1.22509, 0, 0, 0, 0, 0, 0, 
2	21.8265, 7.87758, 0.948005, 0, 0, 0, 0, 0, 0, 0, 
2	21.8265, 7.87758, 0.948005, 0, 0, 0, 0, 0, 0, 0, 
Minuit2Minimizer : Valid minimum - status = 0
FVAL  = -2835.80858010789325
Edm   = 1.89604453078400447e-08
Nfcn  = 141
fb	  = 1.25002	 +/-  0.176727
fc	  = 0.99997	 +/-  0.585835
fl	  = 1.00001	 +/-  0.81443
FitCore::fit 	  CpuTime = 	         0
FitCore::fit 	  RealTime = 	  0.002174
